#! /c/Source/iverilog-install/bin/vvp
:ivl_version "12.0 (devel)" "(s20150603-1110-g18392a46)";
:ivl_delay_selection "TYPICAL";
:vpi_time_precision + 0;
:vpi_module "C:\iverilog\lib\ivl\system.vpi";
:vpi_module "C:\iverilog\lib\ivl\vhdl_sys.vpi";
:vpi_module "C:\iverilog\lib\ivl\vhdl_textio.vpi";
:vpi_module "C:\iverilog\lib\ivl\v2005_math.vpi";
:vpi_module "C:\iverilog\lib\ivl\va_math.vpi";
S_000001f8f05c6af0 .scope module, "uart_transmitter" "uart_transmitter" 2 1;
 .timescale 0 0;
    .port_info 0 /INPUT 8 "data";
    .port_info 1 /INPUT 1 "baud_rate_signal";
    .port_info 2 /INPUT 1 "start";
    .port_info 3 /INPUT 1 "rst";
    .port_info 4 /INPUT 1 "clk";
    .port_info 5 /OUTPUT 1 "uart_tx";
P_000001f8f05c7570 .param/l "idle" 0 2 10, +C4<00000000000000000000000000000000>;
P_000001f8f05c75a8 .param/l "transmit" 0 2 11, +C4<00000000000000000000000000000001>;
o000001f8f061cfa8 .functor BUFZ 1, C4<z>; HiZ drive
v000001f8f05cbf10_0 .net "baud_rate_signal", 0 0, o000001f8f061cfa8;  0 drivers
v000001f8f0614220_0 .var "bit_counter", 3 0;
o000001f8f061d008 .functor BUFZ 1, C4<z>; HiZ drive
v000001f8f06142c0_0 .net "clk", 0 0, o000001f8f061d008;  0 drivers
v000001f8f0614360_0 .var "d", 9 0;
o000001f8f061d068 .functor BUFZ 8, C4<zzzzzzzz>; HiZ drive
v000001f8f0614400_0 .net "data", 7 0, o000001f8f061d068;  0 drivers
v000001f8f06144a0_0 .var "next_bit_counter", 3 0;
v000001f8f05c6c80_0 .var "next_state", 0 0;
o000001f8f061d0f8 .functor BUFZ 1, C4<z>; HiZ drive
v000001f8f05c6d20_0 .net "rst", 0 0, o000001f8f061d0f8;  0 drivers
o000001f8f061d128 .functor BUFZ 1, C4<z>; HiZ drive
v000001f8f05c6dc0_0 .net "start", 0 0, o000001f8f061d128;  0 drivers
v000001f8f05c6e60_0 .var "state", 0 0;
v000001f8f05c6f00_0 .var "uart_tx", 0 0;
v000001f8f0660430_0 .var "uart_tx_local", 0 0;
E_000001f8f0604b10 .event posedge, v000001f8f06142c0_0;
E_000001f8f0604910/0 .event anyedge, v000001f8f05c6e60_0, v000001f8f05c6dc0_0, v000001f8f05cbf10_0, v000001f8f0614220_0;
E_000001f8f0604910/1 .event anyedge, v000001f8f0614360_0;
E_000001f8f0604910 .event/or E_000001f8f0604910/0, E_000001f8f0604910/1;
E_000001f8f0604c50 .event anyedge, v000001f8f05c6dc0_0, v000001f8f0614400_0;
    .scope S_000001f8f05c6af0;
T_0 ;
    %pushi/vec4 0, 0, 4;
    %store/vec4 v000001f8f0614220_0, 0, 4;
    %pushi/vec4 0, 0, 1;
    %store/vec4 v000001f8f05c6e60_0, 0, 1;
    %end;
    .thread T_0;
    .scope S_000001f8f05c6af0;
T_1 ;
    %wait E_000001f8f0604c50;
    %load/vec4 v000001f8f05c6dc0_0;
    %pad/u 32;
    %cmpi/e 1, 0, 32;
    %jmp/0xz  T_1.0, 4;
    %pushi/vec4 1, 0, 1;
    %load/vec4 v000001f8f0614400_0;
    %concat/vec4; draw_concat_vec4
    %concati/vec4 0, 0, 1;
    %store/vec4 v000001f8f0614360_0, 0, 10;
    %jmp T_1.1;
T_1.0 ;
    %pushi/vec4 0, 0, 10;
    %store/vec4 v000001f8f0614360_0, 0, 10;
T_1.1 ;
    %jmp T_1;
    .thread T_1, $push;
    .scope S_000001f8f05c6af0;
T_2 ;
    %wait E_000001f8f0604910;
    %load/vec4 v000001f8f05c6e60_0;
    %dup/vec4;
    %pushi/vec4 0, 0, 1;
    %cmp/u;
    %jmp/1 T_2.0, 6;
    %dup/vec4;
    %pushi/vec4 1, 0, 1;
    %cmp/u;
    %jmp/1 T_2.1, 6;
    %jmp T_2.2;
T_2.0 ;
    %load/vec4 v000001f8f05c6dc0_0;
    %pad/u 32;
    %cmpi/e 1, 0, 32;
    %jmp/0xz  T_2.3, 4;
    %pushi/vec4 1, 0, 1;
    %store/vec4 v000001f8f05c6c80_0, 0, 1;
    %pushi/vec4 1, 0, 1;
    %store/vec4 v000001f8f0660430_0, 0, 1;
    %pushi/vec4 0, 0, 4;
    %store/vec4 v000001f8f06144a0_0, 0, 4;
    %jmp T_2.4;
T_2.3 ;
    %pushi/vec4 0, 0, 1;
    %store/vec4 v000001f8f05c6c80_0, 0, 1;
    %pushi/vec4 1, 0, 1;
    %store/vec4 v000001f8f0660430_0, 0, 1;
    %pushi/vec4 0, 0, 4;
    %store/vec4 v000001f8f06144a0_0, 0, 4;
T_2.4 ;
    %jmp T_2.2;
T_2.1 ;
    %load/vec4 v000001f8f05cbf10_0;
    %pad/u 32;
    %cmpi/e 1, 0, 32;
    %jmp/0xz  T_2.5, 4;
    %load/vec4 v000001f8f0614220_0;
    %cmpi/e 10, 0, 4;
    %jmp/0xz  T_2.7, 4;
    %pushi/vec4 0, 0, 1;
    %store/vec4 v000001f8f05c6c80_0, 0, 1;
    %pushi/vec4 1, 0, 1;
    %store/vec4 v000001f8f0660430_0, 0, 1;
    %pushi/vec4 0, 0, 4;
    %store/vec4 v000001f8f06144a0_0, 0, 4;
    %jmp T_2.8;
T_2.7 ;
    %pushi/vec4 1, 0, 1;
    %store/vec4 v000001f8f05c6c80_0, 0, 1;
    %load/vec4 v000001f8f0614360_0;
    %load/vec4 v000001f8f0614220_0;
    %part/u 1;
    %store/vec4 v000001f8f0660430_0, 0, 1;
    %load/vec4 v000001f8f0614220_0;
    %addi 1, 0, 4;
    %store/vec4 v000001f8f06144a0_0, 0, 4;
T_2.8 ;
    %jmp T_2.6;
T_2.5 ;
    %load/vec4 v000001f8f0614220_0;
    %pad/u 32;
    %cmpi/e 0, 0, 32;
    %jmp/0xz  T_2.9, 4;
    %pushi/vec4 1, 0, 1;
    %store/vec4 v000001f8f0660430_0, 0, 1;
    %jmp T_2.10;
T_2.9 ;
    %load/vec4 v000001f8f0614360_0;
    %load/vec4 v000001f8f0614220_0;
    %pad/u 32;
    %subi 1, 0, 32;
    %part/u 1;
    %store/vec4 v000001f8f0660430_0, 0, 1;
T_2.10 ;
    %pushi/vec4 1, 0, 1;
    %store/vec4 v000001f8f05c6c80_0, 0, 1;
    %load/vec4 v000001f8f0614220_0;
    %store/vec4 v000001f8f06144a0_0, 0, 4;
T_2.6 ;
    %jmp T_2.2;
T_2.2 ;
    %pop/vec4 1;
    %jmp T_2;
    .thread T_2, $push;
    .scope S_000001f8f05c6af0;
T_3 ;
    %wait E_000001f8f0604b10;
    %load/vec4 v000001f8f05c6d20_0;
    %flag_set/vec4 8;
    %jmp/0xz  T_3.0, 8;
    %pushi/vec4 0, 0, 1;
    %assign/vec4 v000001f8f05c6e60_0, 0;
    %pushi/vec4 0, 0, 4;
    %assign/vec4 v000001f8f0614220_0, 0;
    %pushi/vec4 0, 0, 1;
    %assign/vec4 v000001f8f05c6f00_0, 0;
    %jmp T_3.1;
T_3.0 ;
    %load/vec4 v000001f8f05c6c80_0;
    %assign/vec4 v000001f8f05c6e60_0, 0;
    %load/vec4 v000001f8f06144a0_0;
    %assign/vec4 v000001f8f0614220_0, 0;
    %load/vec4 v000001f8f0660430_0;
    %assign/vec4 v000001f8f05c6f00_0, 0;
T_3.1 ;
    %jmp T_3;
    .thread T_3;
# The file index is used to find the file name in the following table.
:file_names 3;
    "N/A";
    "<interactive>";
    "uart_transmitter.v";
