#! /c/Source/iverilog-install/bin/vvp
:ivl_version "12.0 (devel)" "(s20150603-1110-g18392a46)";
:ivl_delay_selection "TYPICAL";
:vpi_time_precision - 12;
:vpi_module "C:\iverilog\lib\ivl\system.vpi";
:vpi_module "C:\iverilog\lib\ivl\vhdl_sys.vpi";
:vpi_module "C:\iverilog\lib\ivl\vhdl_textio.vpi";
:vpi_module "C:\iverilog\lib\ivl\v2005_math.vpi";
:vpi_module "C:\iverilog\lib\ivl\va_math.vpi";
S_000002b234b7bb90 .scope module, "tb_baud_rate_generator" "tb_baud_rate_generator" 2 4;
 .timescale -9 -12;
P_000002b234b77310 .param/l "BAUD_RATE_NUMBER" 0 2 8, C4<00000000010100>;
P_000002b234b77348 .param/l "PERIOD" 0 2 7, +C4<00000000000000000000000000001010>;
v000002b234b76ec0_0 .net "baud_rate_signal", 0 0, L_000002b234bc2d00;  1 drivers
v000002b234b76f60_0 .var "clk", 0 0;
v000002b234bc24e0_0 .var "count_clk", 13 0;
v000002b234bc2b20_0 .var "count_en", 0 0;
v000002b234bc2bc0_0 .var/i "error", 31 0;
v000002b234bc2c60_0 .var/i "i", 31 0;
v000002b234bc2260_0 .var "rst", 0 0;
E_000002b234bb7120 .event posedge, v000002b234b76c40_0;
E_000002b234bb7360 .event anyedge, v000002b234b76d80_0;
S_000002b234b7bd20 .scope module, "u_baud_rate_generator" "baud_rate_generator" 2 29, 3 1 0, S_000002b234b7bb90;
 .timescale 0 0;
    .port_info 0 /INPUT 1 "clk";
    .port_info 1 /INPUT 1 "count_en";
    .port_info 2 /INPUT 1 "rst";
    .port_info 3 /OUTPUT 1 "baud_rate_signal";
P_000002b234bb69e0 .param/l "BAUD_RATE_NUMBER" 0 3 7, C4<00000000010100>;
v000002b234b7a360_0 .net *"_ivl_0", 31 0, L_000002b234bc2580;  1 drivers
L_000002b234c1b828 .functor BUFT 1, C4<000000000000000000>, C4<0>, C4<0>, C4<0>;
v000002b234bc6e40_0 .net *"_ivl_3", 17 0, L_000002b234c1b828;  1 drivers
L_000002b234c1b870 .functor BUFT 1, C4<00000000000000000000000000000000>, C4<0>, C4<0>, C4<0>;
v000002b234b78b30_0 .net/2u *"_ivl_4", 31 0, L_000002b234c1b870;  1 drivers
v000002b234b7beb0_0 .net "baud_rate_signal", 0 0, L_000002b234bc2d00;  alias, 1 drivers
v000002b234b76c40_0 .net "clk", 0 0, v000002b234b76f60_0;  1 drivers
v000002b234b76ce0_0 .var "count", 13 0;
v000002b234b76d80_0 .net "count_en", 0 0, v000002b234bc2b20_0;  1 drivers
v000002b234b76e20_0 .net "rst", 0 0, v000002b234bc2260_0;  1 drivers
E_000002b234bb6f60 .event posedge, v000002b234b76e20_0, v000002b234b76c40_0;
L_000002b234bc2580 .concat [ 14 18 0 0], v000002b234b76ce0_0, L_000002b234c1b828;
L_000002b234bc2d00 .cmp/eq 32, L_000002b234bc2580, L_000002b234c1b870;
    .scope S_000002b234b7bd20;
T_0 ;
    %wait E_000002b234bb6f60;
    %load/vec4 v000002b234b76e20_0;
    %load/vec4 v000002b234b7beb0_0;
    %or;
    %flag_set/vec4 8;
    %jmp/0xz  T_0.0, 8;
    %pushi/vec4 20, 0, 14;
    %assign/vec4 v000002b234b76ce0_0, 0;
    %jmp T_0.1;
T_0.0 ;
    %load/vec4 v000002b234b76d80_0;
    %flag_set/vec4 8;
    %jmp/0xz  T_0.2, 8;
    %load/vec4 v000002b234b76ce0_0;
    %subi 1, 0, 14;
    %assign/vec4 v000002b234b76ce0_0, 0;
    %jmp T_0.3;
T_0.2 ;
    %load/vec4 v000002b234b76ce0_0;
    %assign/vec4 v000002b234b76ce0_0, 0;
T_0.3 ;
T_0.1 ;
    %jmp T_0;
    .thread T_0;
    .scope S_000002b234b7bb90;
T_1 ;
    %pushi/vec4 0, 0, 32;
    %store/vec4 v000002b234bc2bc0_0, 0, 32;
    %pushi/vec4 20, 0, 14;
    %store/vec4 v000002b234bc24e0_0, 0, 14;
    %pushi/vec4 0, 0, 1;
    %store/vec4 v000002b234b76f60_0, 0, 1;
    %pushi/vec4 0, 0, 1;
    %store/vec4 v000002b234bc2b20_0, 0, 1;
    %pushi/vec4 0, 0, 1;
    %store/vec4 v000002b234bc2260_0, 0, 1;
    %end;
    .thread T_1;
    .scope S_000002b234b7bb90;
T_2 ;
T_2.0 ;
    %delay 5000, 0;
    %load/vec4 v000002b234b76f60_0;
    %inv;
    %store/vec4 v000002b234b76f60_0, 0, 1;
    %jmp T_2.0;
    %end;
    .thread T_2;
    .scope S_000002b234b7bb90;
T_3 ;
    %vpi_call 2 39 "$dumpfile", "tb_baud_rate_generator.vcd" {0 0 0};
    %vpi_call 2 40 "$dumpvars", 32'sb00000000000000000000000000000000, S_000002b234b7bb90 {0 0 0};
    %end;
    .thread T_3;
    .scope S_000002b234b7bb90;
T_4 ;
    %pushi/vec4 1, 0, 1;
    %store/vec4 v000002b234bc2260_0, 0, 1;
    %delay 20000, 0;
    %pushi/vec4 0, 0, 1;
    %store/vec4 v000002b234bc2260_0, 0, 1;
    %pushi/vec4 0, 0, 1;
    %store/vec4 v000002b234bc2b20_0, 0, 1;
    %delay 20000, 0;
    %pushi/vec4 1, 0, 1;
    %store/vec4 v000002b234bc2b20_0, 0, 1;
    %delay 500000, 0;
    %end;
    .thread T_4;
    .scope S_000002b234b7bb90;
T_5 ;
T_5.0 ;
    %load/vec4 v000002b234bc2b20_0;
    %pad/u 32;
    %pushi/vec4 1, 0, 32;
    %cmp/e;
    %flag_get/vec4 4;
    %cmpi/ne 1, 0, 1;
    %jmp/0xz T_5.1, 6;
    %wait E_000002b234bb7360;
    %jmp T_5.0;
T_5.1 ;
    %pushi/vec4 0, 0, 32;
    %store/vec4 v000002b234bc2c60_0, 0, 32;
T_5.2 ;
    %load/vec4 v000002b234bc2c60_0;
    %cmpi/s 50, 0, 32;
    %jmp/0xz T_5.3, 5;
    %wait E_000002b234bb7120;
    %load/vec4 v000002b234bc24e0_0;
    %pad/u 32;
    %cmpi/e 0, 0, 32;
    %jmp/0xz  T_5.4, 4;
    %load/vec4 v000002b234b76ec0_0;
    %pad/u 32;
    %cmpi/ne 1, 0, 32;
    %jmp/0xz  T_5.6, 4;
    %load/vec4 v000002b234bc2bc0_0;
    %addi 1, 0, 32;
    %store/vec4 v000002b234bc2bc0_0, 0, 32;
    %vpi_call 2 60 "$display", "Error: baud_rate_signal != 1 at time %t", $time {0 0 0};
T_5.6 ;
    %jmp T_5.5;
T_5.4 ;
    %load/vec4 v000002b234b76ec0_0;
    %pad/u 32;
    %cmpi/ne 0, 0, 32;
    %jmp/0xz  T_5.8, 4;
    %load/vec4 v000002b234bc2bc0_0;
    %addi 1, 0, 32;
    %store/vec4 v000002b234bc2bc0_0, 0, 32;
    %vpi_call 2 65 "$display", "Error: baud_rate_signal != 0 at time %t", $time {0 0 0};
T_5.8 ;
T_5.5 ;
    %load/vec4 v000002b234bc2c60_0;
    %addi 1, 0, 32;
    %store/vec4 v000002b234bc2c60_0, 0, 32;
    %jmp T_5.2;
T_5.3 ;
    %load/vec4 v000002b234bc2bc0_0;
    %cmpi/ne 0, 0, 32;
    %jmp/0xz  T_5.10, 4;
    %vpi_call 2 70 "$display", "wrong!" {0 0 0};
    %jmp T_5.11;
T_5.10 ;
    %vpi_call 2 71 "$display", "correct!" {0 0 0};
T_5.11 ;
    %vpi_call 2 73 "$finish" {0 0 0};
    %end;
    .thread T_5;
    .scope S_000002b234b7bb90;
T_6 ;
    %wait E_000002b234bb7120;
    %load/vec4 v000002b234bc2260_0;
    %flag_set/vec4 8;
    %jmp/0xz  T_6.0, 8;
    %pushi/vec4 20, 0, 14;
    %assign/vec4 v000002b234bc24e0_0, 0;
    %jmp T_6.1;
T_6.0 ;
    %load/vec4 v000002b234bc2b20_0;
    %flag_set/vec4 8;
    %jmp/0xz  T_6.2, 8;
    %load/vec4 v000002b234bc24e0_0;
    %pad/u 32;
    %cmpi/e 0, 0, 32;
    %jmp/0xz  T_6.4, 4;
    %pushi/vec4 20, 0, 14;
    %assign/vec4 v000002b234bc24e0_0, 0;
    %jmp T_6.5;
T_6.4 ;
    %load/vec4 v000002b234bc24e0_0;
    %subi 1, 0, 14;
    %assign/vec4 v000002b234bc24e0_0, 0;
T_6.5 ;
T_6.2 ;
T_6.1 ;
    %jmp T_6;
    .thread T_6;
# The file index is used to find the file name in the following table.
:file_names 4;
    "N/A";
    "<interactive>";
    "baud_rate_generator_tb.v";
    "./baud_rate_generator.v";
